# JRE version: OpenJDK Runtime Environment GraalVM CE 22.3.0 (17.0.5+8) (build 17.0.5+8-jvmci-22.3-b08)
# Java VM: OpenJDK 64-Bit Server VM GraalVM CE 22.3.0 (17.0.5+8-jvmci-22.3-b08, mixed mode, sharing, tiered, jvmci, jvmci compiler, compressed oops, compressed class ptrs, parallel gc, linux-amd64)
GC Precious Log:
 CPUs: 8 total, 1 available
 Memory: 1024M
 Large Page Support: Disabled
 NUMA Support: Disabled
 Compressed Oops: Enabled (32-bit)
 Alignments: Space 512K, Generation 512K, Heap 2M
 Heap Min Capacity: 100M
 Heap Initial Capacity: 100M
 Heap Max Capacity: 512M
 Pre-touch: Disabled
 Parallel Workers: 1
Heap:
 PSYoungGen      total 37888K, used 27135K [0x00000000f5580000, 0x00000000f8600000, 0x0000000100000000)
  eden space 27136K, 99% used [0x00000000f5580000,0x00000000f6fffff8,0x00000000f7000000)
  from space 10752K, 0% used [0x00000000f7000000,0x00000000f7000000,0x00000000f7a80000)
  to   space 10240K, 0% used [0x00000000f7c00000,0x00000000f7c00000,0x00000000f8600000)
 ParOldGen       total 349696K, used 349695K [0x00000000e0000000, 0x00000000f5580000, 0x00000000f5580000)
  object space 349696K, 99% used [0x00000000e0000000,0x00000000f557ffe0,0x00000000f5580000)
 Metaspace       used 59426K, committed 60416K, reserved 1105920K
  class space    used 5884K, committed 6336K, reserved 1048576K
GC Heap History (20 events):
Event: 1499.130 GC heap before
{Heap before GC invocations=1079 (full 973):
 PSYoungGen      total 37888K, used 27135K [0x00000000f5580000, 0x00000000f8600000, 0x0000000100000000)
  eden space 27136K, 99% used [0x00000000f5580000,0x00000000f6fffff8,0x00000000f7000000)
  from space 10752K, 0% used [0x00000000f7000000,0x00000000f7000000,0x00000000f7a80000)
  to   space 10240K, 0% used [0x00000000f7c00000,0x00000000f7c00000,0x00000000f8600000)
 ParOldGen       total 349696K, used 349695K [0x00000000e0000000, 0x00000000f5580000, 0x00000000f5580000)
  object space 349696K, 99% used [0x00000000e0000000,0x00000000f557ff18,0x00000000f5580000)
 Metaspace       used 59426K, committed 60416K, reserved 1105920K
  class space    used 5884K, committed 6336K, reserved 1048576K
}
Event: 1500.566 GC heap after
{Heap after GC invocations=1079 (full 973):
 PSYoungGen      total 37376K, used 27135K [0x00000000f5580000, 0x00000000f8600000, 0x0000000100000000)
  eden space 27136K, 99% used [0x00000000f5580000,0x00000000f6fffff8,0x00000000f7000000)
  from space 10240K, 0% used [0x00000000f7c00000,0x00000000f7c00000,0x00000000f8600000)
  to   space 10752K, 0% used [0x00000000f7000000,0x00000000f7000000,0x00000000f7a80000)
 ParOldGen       total 349696K, used 349695K [0x00000000e0000000, 0x00000000f5580000, 0x00000000f5580000)
  object space 349696K, 99% used [0x00000000e0000000,0x00000000f557fec0,0x00000000f5580000)
 Metaspace       used 59426K, committed 60416K, reserved 1105920K
  class space    used 5884K, committed 6336K, reserved 1048576K
}
Event: 1500.567 GC heap before
{Heap before GC invocations=1080 (full 974):
 PSYoungGen      total 37376K, used 27135K [0x00000000f5580000, 0x00000000f8600000, 0x0000000100000000)
  eden space 27136K, 99% used [0x00000000f5580000,0x00000000f6fffff8,0x00000000f7000000)
  from space 10240K, 0% used [0x00000000f7c00000,0x00000000f7c00000,0x00000000f8600000)
  to   space 10752K, 0% used [0x00000000f7000000,0x00000000f7000000,0x00000000f7a80000)
 ParOldGen       total 349696K, used 349695K [0x00000000e0000000, 0x00000000f5580000, 0x00000000f5580000)
  object space 349696K, 99% used [0x00000000e0000000,0x00000000f557ffc8,0x00000000f5580000)
 Metaspace       used 59426K, committed 60416K, reserved 1105920K
  class space    used 5884K, committed 6336K, reserved 1048576K
}
Event: 1502.056 GC heap after
{Heap after GC invocations=1080 (full 974):
 PSYoungGen      total 37888K, used 27135K [0x00000000f5580000, 0x00000000f8600000, 0x0000000100000000)
  eden space 27136K, 99% used [0x00000000f5580000,0x00000000f6fffff8,0x00000000f7000000)
  from space 10752K, 0% used [0x00000000f7000000,0x00000000f7000000,0x00000000f7a80000)
  to   space 10240K, 0% used [0x00000000f7c00000,0x00000000f7c00000,0x00000000f8600000)
 ParOldGen       total 349696K, used 349695K [0x00000000e0000000, 0x00000000f5580000, 0x00000000f5580000)
  object space 349696K, 99% used [0x00000000e0000000,0x00000000f557ff38,0x00000000f5580000)
 Metaspace       used 59426K, committed 60416K, reserved 1105920K
  class space    used 5884K, committed 6336K, reserved 1048576K
}
Event: 1502.056 GC heap before
{Heap before GC invocations=1081 (full 975):
 PSYoungGen      total 37888K, used 27135K [0x00000000f5580000, 0x00000000f8600000, 0x0000000100000000)
  eden space 27136K, 99% used [0x00000000f5580000,0x00000000f6fffff8,0x00000000f7000000)
  from space 10752K, 0% used [0x00000000f7000000,0x00000000f7000000,0x00000000f7a80000)
  to   space 10240K, 0% used [0x00000000f7c00000,0x00000000f7c00000,0x00000000f8600000)
 ParOldGen       total 349696K, used 349695K [0x00000000e0000000, 0x00000000f5580000, 0x00000000f5580000)
  object space 349696K, 99% used [0x00000000e0000000,0x00000000f557ff38,0x00000000f5580000)
 Metaspace       used 59426K, committed 60416K, reserved 1105920K
  class space    used 5884K, committed 6336K, reserved 1048576K
}
Event: 1503.360 GC heap after
{Heap after GC invocations=1081 (full 975):
 PSYoungGen      total 37376K, used 27135K [0x00000000f5580000, 0x00000000f8600000, 0x0000000100000000)
  eden space 27136K, 99% used [0x00000000f5580000,0x00000000f6fffff8,0x00000000f7000000)
  from space 10240K, 0% used [0x00000000f7c00000,0x00000000f7c00000,0x00000000f8600000)
  to   space 10752K, 0% used [0x00000000f7000000,0x00000000f7000000,0x00000000f7a80000)
 ParOldGen       total 349696K, used 349695K [0x00000000e0000000, 0x00000000f5580000, 0x00000000f5580000)
  object space 349696K, 99% used [0x00000000e0000000,0x00000000f557ff38,0x00000000f5580000)
 Metaspace       used 59426K, committed 60416K, reserved 1105920K
  class space    used 5884K, committed 6336K, reserved 1048576K
}
Event: 1503.365 GC heap before
{Heap before GC invocations=1082 (full 976):
 PSYoungGen      total 37376K, used 27135K [0x00000000f5580000, 0x00000000f8600000, 0x0000000100000000)
  eden space 27136K, 99% used [0x00000000f5580000,0x00000000f6fffff8,0x00000000f7000000)
  from space 10240K, 0% used [0x00000000f7c00000,0x00000000f7c00000,0x00000000f8600000)
  to   space 10752K, 0% used [0x00000000f7000000,0x00000000f7000000,0x00000000f7a80000)
 ParOldGen       total 349696K, used 349695K [0x00000000e0000000, 0x00000000f5580000, 0x00000000f5580000)
  object space 349696K, 99% used [0x00000000e0000000,0x00000000f557ffe0,0x00000000f5580000)
 Metaspace       used 59426K, committed 60416K, reserved 1105920K
  class space    used 5884K, committed 6336K, reserved 1048576K
}
Event: 1504.800 GC heap after
{Heap after GC invocations=1082 (full 976):
 PSYoungGen      total 37888K, used 27135K [0x00000000f5580000, 0x00000000f8600000, 0x0000000100000000)
  eden space 27136K, 99% used [0x00000000f5580000,0x00000000f6fffff8,0x00000000f7000000)
  from space 10752K, 0% used [0x00000000f7000000,0x00000000f7000000,0x00000000f7a80000)
  to   space 10240K, 0% used [0x00000000f7c00000,0x00000000f7c00000,0x00000000f8600000)
 ParOldGen       total 349696K, used 349695K [0x00000000e0000000, 0x00000000f5580000, 0x00000000f5580000)
  object space 349696K, 99% used [0x00000000e0000000,0x00000000f557ffe0,0x00000000f5580000)
 Metaspace       used 59426K, committed 60416K, reserved 1105920K
  class space    used 5884K, committed 6336K, reserved 1048576K
}
Event: 1504.800 GC heap before
{Heap before GC invocations=1083 (full 977):
 PSYoungGen      total 37888K, used 27135K [0x00000000f5580000, 0x00000000f8600000, 0x0000000100000000)
  eden space 27136K, 99% used [0x00000000f5580000,0x00000000f6fffff8,0x00000000f7000000)
  from space 10752K, 0% used [0x00000000f7000000,0x00000000f7000000,0x00000000f7a80000)
  to   space 10240K, 0% used [0x00000000f7c00000,0x00000000f7c00000,0x00000000f8600000)
 ParOldGen       total 349696K, used 349695K [0x00000000e0000000, 0x00000000f5580000, 0x00000000f5580000)
  object space 349696K, 99% used [0x00000000e0000000,0x00000000f557ffe0,0x00000000f5580000)
 Metaspace       used 59426K, committed 60416K, reserved 1105920K
  class space    used 5884K, committed 6336K, reserved 1048576K
}
Event: 1506.162 GC heap after
{Heap after GC invocations=1083 (full 977):
 PSYoungGen      total 37376K, used 27135K [0x00000000f5580000, 0x00000000f8600000, 0x0000000100000000)
  eden space 27136K, 99% used [0x00000000f5580000,0x00000000f6fffff8,0x00000000f7000000)
  from space 10240K, 0% used [0x00000000f7c00000,0x00000000f7c00000,0x00000000f8600000)
  to   space 10752K, 0% used [0x00000000f7000000,0x00000000f7000000,0x00000000f7a80000)
 ParOldGen       total 349696K, used 349695K [0x00000000e0000000, 0x00000000f5580000, 0x00000000f5580000)
  object space 349696K, 99% used [0x00000000e0000000,0x00000000f557ffe0,0x00000000f5580000)
 Metaspace       used 59426K, committed 60416K, reserved 1105920K
  class space    used 5884K, committed 6336K, reserved 1048576K
}
Event: 1506.162 GC heap before
{Heap before GC invocations=1084 (full 978):
 PSYoungGen      total 37376K, used 27135K [0x00000000f5580000, 0x00000000f8600000, 0x0000000100000000)
  eden space 27136K, 99% used [0x00000000f5580000,0x00000000f6fffff8,0x00000000f7000000)
  from space 10240K, 0% used [0x00000000f7c00000,0x00000000f7c00000,0x00000000f8600000)
  to   space 10752K, 0% used [0x00000000f7000000,0x00000000f7000000,0x00000000f7a80000)
 ParOldGen       total 349696K, used 349696K [0x00000000e0000000, 0x00000000f5580000, 0x00000000f5580000)
  object space 349696K, 100% used [0x00000000e0000000,0x00000000f5580000,0x00000000f5580000)
 Metaspace       used 59426K, committed 60416K, reserved 1105920K
  class space    used 5884K, committed 6336K, reserved 1048576K
}
Event: 1507.661 GC heap after
{Heap after GC invocations=1084 (full 978):
 PSYoungGen      total 37888K, used 27135K [0x00000000f5580000, 0x00000000f8600000, 0x0000000100000000)
  eden space 27136K, 99% used [0x00000000f5580000,0x00000000f6fffff8,0x00000000f7000000)
  from space 10752K, 0% used [0x00000000f7000000,0x00000000f7000000,0x00000000f7a80000)
  to   space 10240K, 0% used [0x00000000f7c00000,0x00000000f7c00000,0x00000000f8600000)
 ParOldGen       total 349696K, used 349695K [0x00000000e0000000, 0x00000000f5580000, 0x00000000f5580000)
  object space 349696K, 99% used [0x00000000e0000000,0x00000000f557ffe0,0x00000000f5580000)
 Metaspace       used 59426K, committed 60416K, reserved 1105920K
  class space    used 5884K, committed 6336K, reserved 1048576K
}
Event: 1507.663 GC heap before
{Heap before GC invocations=1085 (full 979):
 PSYoungGen      total 37888K, used 27135K [0x00000000f5580000, 0x00000000f8600000, 0x0000000100000000)
  eden space 27136K, 99% used [0x00000000f5580000,0x00000000f6fffff8,0x00000000f7000000)
  from space 10752K, 0% used [0x00000000f7000000,0x00000000f7000000,0x00000000f7a80000)
  to   space 10240K, 0% used [0x00000000f7c00000,0x00000000f7c00000,0x00000000f8600000)
 ParOldGen       total 349696K, used 349696K [0x00000000e0000000, 0x00000000f5580000, 0x00000000f5580000)
  object space 349696K, 100% used [0x00000000e0000000,0x00000000f5580000,0x00000000f5580000)
 Metaspace       used 59426K, committed 60416K, reserved 1105920K
  class space    used 5884K, committed 6336K, reserved 1048576K
}
Event: 1509.077 GC heap after
{Heap after GC invocations=1085 (full 979):
 PSYoungGen      total 37376K, used 27135K [0x00000000f5580000, 0x00000000f8600000, 0x0000000100000000)
  eden space 27136K, 99% used [0x00000000f5580000,0x00000000f6fffff8,0x00000000f7000000)
  from space 10240K, 0% used [0x00000000f7c00000,0x00000000f7c00000,0x00000000f8600000)
  to   space 10752K, 0% used [0x00000000f7000000,0x00000000f7000000,0x00000000f7a80000)
 ParOldGen       total 349696K, used 349695K [0x00000000e0000000, 0x00000000f5580000, 0x00000000f5580000)
  object space 349696K, 99% used [0x00000000e0000000,0x00000000f557ffe0,0x00000000f5580000)
 Metaspace       used 59426K, committed 60416K, reserved 1105920K
  class space    used 5884K, committed 6336K, reserved 1048576K
}
Event: 1509.077 GC heap before
{Heap before GC invocations=1086 (full 980):
 PSYoungGen      total 37376K, used 27135K [0x00000000f5580000, 0x00000000f8600000, 0x0000000100000000)
  eden space 27136K, 99% used [0x00000000f5580000,0x00000000f6fffff8,0x00000000f7000000)
  from space 10240K, 0% used [0x00000000f7c00000,0x00000000f7c00000,0x00000000f8600000)
  to   space 10752K, 0% used [0x00000000f7000000,0x00000000f7000000,0x00000000f7a80000)
 ParOldGen       total 349696K, used 349696K [0x00000000e0000000, 0x00000000f5580000, 0x00000000f5580000)
  object space 349696K, 100% used [0x00000000e0000000,0x00000000f5580000,0x00000000f5580000)
 Metaspace       used 59426K, committed 60416K, reserved 1105920K
  class space    used 5884K, committed 6336K, reserved 1048576K
}
Event: 1510.752 GC heap after
{Heap after GC invocations=1086 (full 980):
 PSYoungGen      total 37888K, used 27135K [0x00000000f5580000, 0x00000000f8600000, 0x0000000100000000)
  eden space 27136K, 99% used [0x00000000f5580000,0x00000000f6fffff8,0x00000000f7000000)
  from space 10752K, 0% used [0x00000000f7000000,0x00000000f7000000,0x00000000f7a80000)
  to   space 10240K, 0% used [0x00000000f7c00000,0x00000000f7c00000,0x00000000f8600000)
 ParOldGen       total 349696K, used 349695K [0x00000000e0000000, 0x00000000f5580000, 0x00000000f5580000)
  object space 349696K, 99% used [0x00000000e0000000,0x00000000f557ffe0,0x00000000f5580000)
 Metaspace       used 59426K, committed 60416K, reserved 1105920K
  class space    used 5884K, committed 6336K, reserved 1048576K
}
Event: 1510.753 GC heap before
{Heap before GC invocations=1087 (full 981):
 PSYoungGen      total 37888K, used 27135K [0x00000000f5580000, 0x00000000f8600000, 0x0000000100000000)
  eden space 27136K, 99% used [0x00000000f5580000,0x00000000f6fffff8,0x00000000f7000000)
  from space 10752K, 0% used [0x00000000f7000000,0x00000000f7000000,0x00000000f7a80000)
  to   space 10240K, 0% used [0x00000000f7c00000,0x00000000f7c00000,0x00000000f8600000)
 ParOldGen       total 349696K, used 349696K [0x00000000e0000000, 0x00000000f5580000, 0x00000000f5580000)
  object space 349696K, 100% used [0x00000000e0000000,0x00000000f5580000,0x00000000f5580000)
 Metaspace       used 59426K, committed 60416K, reserved 1105920K
  class space    used 5884K, committed 6336K, reserved 1048576K
}
Event: 1512.202 GC heap after
{Heap after GC invocations=1087 (full 981):
 PSYoungGen      total 37376K, used 27135K [0x00000000f5580000, 0x00000000f8600000, 0x0000000100000000)
  eden space 27136K, 99% used [0x00000000f5580000,0x00000000f6fffff8,0x00000000f7000000)
  from space 10240K, 0% used [0x00000000f7c00000,0x00000000f7c00000,0x00000000f8600000)
  to   space 10752K, 0% used [0x00000000f7000000,0x00000000f7000000,0x00000000f7a80000)
 ParOldGen       total 349696K, used 349695K [0x00000000e0000000, 0x00000000f5580000, 0x00000000f5580000)
  object space 349696K, 99% used [0x00000000e0000000,0x00000000f557ffe0,0x00000000f5580000)
 Metaspace       used 59426K, committed 60416K, reserved 1105920K
  class space    used 5884K, committed 6336K, reserved 1048576K
}
Event: 1512.202 GC heap before
{Heap before GC invocations=1088 (full 982):
 PSYoungGen      total 37376K, used 27135K [0x00000000f5580000, 0x00000000f8600000, 0x0000000100000000)
  eden space 27136K, 99% used [0x00000000f5580000,0x00000000f6fffff8,0x00000000f7000000)
  from space 10240K, 0% used [0x00000000f7c00000,0x00000000f7c00000,0x00000000f8600000)
  to   space 10752K, 0% used [0x00000000f7000000,0x00000000f7000000,0x00000000f7a80000)
 ParOldGen       total 349696K, used 349695K [0x00000000e0000000, 0x00000000f5580000, 0x00000000f5580000)
  object space 349696K, 99% used [0x00000000e0000000,0x00000000f557ffe0,0x00000000f5580000)
 Metaspace       used 59426K, committed 60416K, reserved 1105920K
  class space    used 5884K, committed 6336K, reserved 1048576K
}
Event: 1513.659 GC heap after
{Heap after GC invocations=1088 (full 982):
 PSYoungGen      total 37888K, used 27135K [0x00000000f5580000, 0x00000000f8600000, 0x0000000100000000)
  eden space 27136K, 99% used [0x00000000f5580000,0x00000000f6fffff8,0x00000000f7000000)
  from space 10752K, 0% used [0x00000000f7000000,0x00000000f7000000,0x00000000f7a80000)
  to   space 10240K, 0% used [0x00000000f7c00000,0x00000000f7c00000,0x00000000f8600000)
 ParOldGen       total 349696K, used 349695K [0x00000000e0000000, 0x00000000f5580000, 0x00000000f5580000)
  object space 349696K, 99% used [0x00000000e0000000,0x00000000f557ffe0,0x00000000f5580000)
 Metaspace       used 59426K, committed 60416K, reserved 1105920K
  class space    used 5884K, committed 6336K, reserved 1048576K
}

