# JRE version: OpenJDK Runtime Environment GraalVM CE 22.3.0 (17.0.5+8) (build 17.0.5+8-jvmci-22.3-b08)
# Java VM: OpenJDK 64-Bit Server VM GraalVM CE 22.3.0 (17.0.5+8-jvmci-22.3-b08, mixed mode, sharing, tiered, jvmci, jvmci compiler, compressed oops, compressed class ptrs, parallel gc, linux-amd64)
GC Precious Log:
 CPUs: 8 total, 1 available
 Memory: 1024M
 Large Page Support: Disabled
 NUMA Support: Disabled
 Compressed Oops: Enabled (32-bit)
 Alignments: Space 512K, Generation 512K, Heap 2M
 Heap Min Capacity: 100M
 Heap Initial Capacity: 100M
 Heap Max Capacity: 512M
 Pre-touch: Disabled
 Parallel Workers: 1
Heap:
 PSYoungGen      total 53760K, used 31232K [0x00000000f5580000, 0x00000000fa100000, 0x0000000100000000)
  eden space 31232K, 100% used [0x00000000f5580000,0x00000000f7400000,0x00000000f7400000)
  from space 22528K, 0% used [0x00000000f7400000,0x00000000f7400000,0x00000000f8a00000)
  to   space 22528K, 0% used [0x00000000f8a00000,0x00000000f8a00000,0x00000000fa000000)
 ParOldGen       total 349696K, used 349695K [0x00000000e0000000, 0x00000000f5580000, 0x00000000f5580000)
  object space 349696K, 99% used [0x00000000e0000000,0x00000000f557fff8,0x00000000f5580000)
 Metaspace       used 60560K, committed 61440K, reserved 1105920K
  class space    used 5994K, committed 6400K, reserved 1048576K
GC Heap History (20 events):
Event: 2263.198 GC heap before
{Heap before GC invocations=1582 (full 1501):
 PSYoungGen      total 53760K, used 31232K [0x00000000f5580000, 0x00000000fa100000, 0x0000000100000000)
  eden space 31232K, 100% used [0x00000000f5580000,0x00000000f7400000,0x00000000f7400000)
  from space 22528K, 0% used [0x00000000f7400000,0x00000000f7400000,0x00000000f8a00000)
  to   space 22528K, 0% used [0x00000000f8a00000,0x00000000f8a00000,0x00000000fa000000)
 ParOldGen       total 349696K, used 349695K [0x00000000e0000000, 0x00000000f5580000, 0x00000000f5580000)
  object space 349696K, 99% used [0x00000000e0000000,0x00000000f557fff8,0x00000000f5580000)
 Metaspace       used 60559K, committed 61440K, reserved 1105920K
  class space    used 5994K, committed 6400K, reserved 1048576K
}
Event: 2264.690 GC heap after
{Heap after GC invocations=1582 (full 1501):
 PSYoungGen      total 53760K, used 31231K [0x00000000f5580000, 0x00000000fa100000, 0x0000000100000000)
  eden space 31232K, 99% used [0x00000000f5580000,0x00000000f73fffe0,0x00000000f7400000)
  from space 22528K, 0% used [0x00000000f8a00000,0x00000000f8a00000,0x00000000fa000000)
  to   space 22528K, 0% used [0x00000000f7400000,0x00000000f7400000,0x00000000f8a00000)
 ParOldGen       total 349696K, used 349695K [0x00000000e0000000, 0x00000000f5580000, 0x00000000f5580000)
  object space 349696K, 99% used [0x00000000e0000000,0x00000000f557fff8,0x00000000f5580000)
 Metaspace       used 60559K, committed 61440K, reserved 1105920K
  class space    used 5994K, committed 6400K, reserved 1048576K
}
Event: 2264.690 GC heap before
{Heap before GC invocations=1583 (full 1502):
 PSYoungGen      total 53760K, used 31231K [0x00000000f5580000, 0x00000000fa100000, 0x0000000100000000)
  eden space 31232K, 99% used [0x00000000f5580000,0x00000000f73ffff8,0x00000000f7400000)
  from space 22528K, 0% used [0x00000000f8a00000,0x00000000f8a00000,0x00000000fa000000)
  to   space 22528K, 0% used [0x00000000f7400000,0x00000000f7400000,0x00000000f8a00000)
 ParOldGen       total 349696K, used 349695K [0x00000000e0000000, 0x00000000f5580000, 0x00000000f5580000)
  object space 349696K, 99% used [0x00000000e0000000,0x00000000f557fff8,0x00000000f5580000)
 Metaspace       used 60559K, committed 61440K, reserved 1105920K
  class space    used 5994K, committed 6400K, reserved 1048576K
}
Event: 2266.087 GC heap after
{Heap after GC invocations=1583 (full 1502):
 PSYoungGen      total 53760K, used 31231K [0x00000000f5580000, 0x00000000fa100000, 0x0000000100000000)
  eden space 31232K, 99% used [0x00000000f5580000,0x00000000f73ffff8,0x00000000f7400000)
  from space 22528K, 0% used [0x00000000f7400000,0x00000000f7400000,0x00000000f8a00000)
  to   space 22528K, 0% used [0x00000000f8a00000,0x00000000f8a00000,0x00000000fa000000)
 ParOldGen       total 349696K, used 349695K [0x00000000e0000000, 0x00000000f5580000, 0x00000000f5580000)
  object space 349696K, 99% used [0x00000000e0000000,0x00000000f557fff8,0x00000000f5580000)
 Metaspace       used 60559K, committed 61440K, reserved 1105920K
  class space    used 5994K, committed 6400K, reserved 1048576K
}
Event: 2266.087 GC heap before
{Heap before GC invocations=1584 (full 1503):
 PSYoungGen      total 53760K, used 31231K [0x00000000f5580000, 0x00000000fa100000, 0x0000000100000000)
  eden space 31232K, 99% used [0x00000000f5580000,0x00000000f73ffff8,0x00000000f7400000)
  from space 22528K, 0% used [0x00000000f7400000,0x00000000f7400000,0x00000000f8a00000)
  to   space 22528K, 0% used [0x00000000f8a00000,0x00000000f8a00000,0x00000000fa000000)
 ParOldGen       total 349696K, used 349695K [0x00000000e0000000, 0x00000000f5580000, 0x00000000f5580000)
  object space 349696K, 99% used [0x00000000e0000000,0x00000000f557fff8,0x00000000f5580000)
 Metaspace       used 60559K, committed 61440K, reserved 1105920K
  class space    used 5994K, committed 6400K, reserved 1048576K
}
Event: 2267.463 GC heap after
{Heap after GC invocations=1584 (full 1503):
 PSYoungGen      total 53760K, used 31231K [0x00000000f5580000, 0x00000000fa100000, 0x0000000100000000)
  eden space 31232K, 99% used [0x00000000f5580000,0x00000000f73ffff8,0x00000000f7400000)
  from space 22528K, 0% used [0x00000000f8a00000,0x00000000f8a00000,0x00000000fa000000)
  to   space 22528K, 0% used [0x00000000f7400000,0x00000000f7400000,0x00000000f8a00000)
 ParOldGen       total 349696K, used 349695K [0x00000000e0000000, 0x00000000f5580000, 0x00000000f5580000)
  object space 349696K, 99% used [0x00000000e0000000,0x00000000f557fff8,0x00000000f5580000)
 Metaspace       used 60559K, committed 61440K, reserved 1105920K
  class space    used 5994K, committed 6400K, reserved 1048576K
}
Event: 2267.463 GC heap before
{Heap before GC invocations=1585 (full 1504):
 PSYoungGen      total 53760K, used 31231K [0x00000000f5580000, 0x00000000fa100000, 0x0000000100000000)
  eden space 31232K, 99% used [0x00000000f5580000,0x00000000f73ffff8,0x00000000f7400000)
  from space 22528K, 0% used [0x00000000f8a00000,0x00000000f8a00000,0x00000000fa000000)
  to   space 22528K, 0% used [0x00000000f7400000,0x00000000f7400000,0x00000000f8a00000)
 ParOldGen       total 349696K, used 349695K [0x00000000e0000000, 0x00000000f5580000, 0x00000000f5580000)
  object space 349696K, 99% used [0x00000000e0000000,0x00000000f557fff8,0x00000000f5580000)
 Metaspace       used 60559K, committed 61440K, reserved 1105920K
  class space    used 5994K, committed 6400K, reserved 1048576K
}
Event: 2268.881 GC heap after
{Heap after GC invocations=1585 (full 1504):
 PSYoungGen      total 53760K, used 31231K [0x00000000f5580000, 0x00000000fa100000, 0x0000000100000000)
  eden space 31232K, 99% used [0x00000000f5580000,0x00000000f73ffff8,0x00000000f7400000)
  from space 22528K, 0% used [0x00000000f7400000,0x00000000f7400000,0x00000000f8a00000)
  to   space 22528K, 0% used [0x00000000f8a00000,0x00000000f8a00000,0x00000000fa000000)
 ParOldGen       total 349696K, used 349695K [0x00000000e0000000, 0x00000000f5580000, 0x00000000f5580000)
  object space 349696K, 99% used [0x00000000e0000000,0x00000000f557fff8,0x00000000f5580000)
 Metaspace       used 60559K, committed 61440K, reserved 1105920K
  class space    used 5994K, committed 6400K, reserved 1048576K
}
Event: 2268.881 GC heap before
{Heap before GC invocations=1586 (full 1505):
 PSYoungGen      total 53760K, used 31231K [0x00000000f5580000, 0x00000000fa100000, 0x0000000100000000)
  eden space 31232K, 99% used [0x00000000f5580000,0x00000000f73ffff8,0x00000000f7400000)
  from space 22528K, 0% used [0x00000000f7400000,0x00000000f7400000,0x00000000f8a00000)
  to   space 22528K, 0% used [0x00000000f8a00000,0x00000000f8a00000,0x00000000fa000000)
 ParOldGen       total 349696K, used 349695K [0x00000000e0000000, 0x00000000f5580000, 0x00000000f5580000)
  object space 349696K, 99% used [0x00000000e0000000,0x00000000f557fff8,0x00000000f5580000)
 Metaspace       used 60559K, committed 61440K, reserved 1105920K
  class space    used 5994K, committed 6400K, reserved 1048576K
}
Event: 2270.165 GC heap after
{Heap after GC invocations=1586 (full 1505):
 PSYoungGen      total 53760K, used 31231K [0x00000000f5580000, 0x00000000fa100000, 0x0000000100000000)
  eden space 31232K, 99% used [0x00000000f5580000,0x00000000f73ffff8,0x00000000f7400000)
  from space 22528K, 0% used [0x00000000f8a00000,0x00000000f8a00000,0x00000000fa000000)
  to   space 22528K, 0% used [0x00000000f7400000,0x00000000f7400000,0x00000000f8a00000)
 ParOldGen       total 349696K, used 349695K [0x00000000e0000000, 0x00000000f5580000, 0x00000000f5580000)
  object space 349696K, 99% used [0x00000000e0000000,0x00000000f557fff8,0x00000000f5580000)
 Metaspace       used 60559K, committed 61440K, reserved 1105920K
  class space    used 5994K, committed 6400K, reserved 1048576K
}
Event: 2270.166 GC heap before
{Heap before GC invocations=1587 (full 1506):
 PSYoungGen      total 53760K, used 31231K [0x00000000f5580000, 0x00000000fa100000, 0x0000000100000000)
  eden space 31232K, 99% used [0x00000000f5580000,0x00000000f73ffff8,0x00000000f7400000)
  from space 22528K, 0% used [0x00000000f8a00000,0x00000000f8a00000,0x00000000fa000000)
  to   space 22528K, 0% used [0x00000000f7400000,0x00000000f7400000,0x00000000f8a00000)
 ParOldGen       total 349696K, used 349695K [0x00000000e0000000, 0x00000000f5580000, 0x00000000f5580000)
  object space 349696K, 99% used [0x00000000e0000000,0x00000000f557fff8,0x00000000f5580000)
 Metaspace       used 60559K, committed 61440K, reserved 1105920K
  class space    used 5994K, committed 6400K, reserved 1048576K
}
Event: 2271.598 GC heap after
{Heap after GC invocations=1587 (full 1506):
 PSYoungGen      total 53760K, used 31231K [0x00000000f5580000, 0x00000000fa100000, 0x0000000100000000)
  eden space 31232K, 99% used [0x00000000f5580000,0x00000000f73fffd8,0x00000000f7400000)
  from space 22528K, 0% used [0x00000000f7400000,0x00000000f7400000,0x00000000f8a00000)
  to   space 22528K, 0% used [0x00000000f8a00000,0x00000000f8a00000,0x00000000fa000000)
 ParOldGen       total 349696K, used 349695K [0x00000000e0000000, 0x00000000f5580000, 0x00000000f5580000)
  object space 349696K, 99% used [0x00000000e0000000,0x00000000f557fff8,0x00000000f5580000)
 Metaspace       used 60559K, committed 61440K, reserved 1105920K
  class space    used 5994K, committed 6400K, reserved 1048576K
}
Event: 2271.600 GC heap before
{Heap before GC invocations=1588 (full 1507):
 PSYoungGen      total 53760K, used 31231K [0x00000000f5580000, 0x00000000fa100000, 0x0000000100000000)
  eden space 31232K, 99% used [0x00000000f5580000,0x00000000f73ffff0,0x00000000f7400000)
  from space 22528K, 0% used [0x00000000f7400000,0x00000000f7400000,0x00000000f8a00000)
  to   space 22528K, 0% used [0x00000000f8a00000,0x00000000f8a00000,0x00000000fa000000)
 ParOldGen       total 349696K, used 349695K [0x00000000e0000000, 0x00000000f5580000, 0x00000000f5580000)
  object space 349696K, 99% used [0x00000000e0000000,0x00000000f557fff8,0x00000000f5580000)
 Metaspace       used 60559K, committed 61440K, reserved 1105920K
  class space    used 5994K, committed 6400K, reserved 1048576K
}
Event: 2272.988 GC heap after
{Heap after GC invocations=1588 (full 1507):
 PSYoungGen      total 53760K, used 31231K [0x00000000f5580000, 0x00000000fa100000, 0x0000000100000000)
  eden space 31232K, 99% used [0x00000000f5580000,0x00000000f73ffff0,0x00000000f7400000)
  from space 22528K, 0% used [0x00000000f8a00000,0x00000000f8a00000,0x00000000fa000000)
  to   space 22528K, 0% used [0x00000000f7400000,0x00000000f7400000,0x00000000f8a00000)
 ParOldGen       total 349696K, used 349695K [0x00000000e0000000, 0x00000000f5580000, 0x00000000f5580000)
  object space 349696K, 99% used [0x00000000e0000000,0x00000000f557fff8,0x00000000f5580000)
 Metaspace       used 60559K, committed 61440K, reserved 1105920K
  class space    used 5994K, committed 6400K, reserved 1048576K
}
Event: 2272.988 GC heap before
{Heap before GC invocations=1589 (full 1508):
 PSYoungGen      total 53760K, used 31231K [0x00000000f5580000, 0x00000000fa100000, 0x0000000100000000)
  eden space 31232K, 99% used [0x00000000f5580000,0x00000000f73ffff0,0x00000000f7400000)
  from space 22528K, 0% used [0x00000000f8a00000,0x00000000f8a00000,0x00000000fa000000)
  to   space 22528K, 0% used [0x00000000f7400000,0x00000000f7400000,0x00000000f8a00000)
 ParOldGen       total 349696K, used 349695K [0x00000000e0000000, 0x00000000f5580000, 0x00000000f5580000)
  object space 349696K, 99% used [0x00000000e0000000,0x00000000f557fff8,0x00000000f5580000)
 Metaspace       used 60559K, committed 61440K, reserved 1105920K
  class space    used 5994K, committed 6400K, reserved 1048576K
}
Event: 2274.405 GC heap after
{Heap after GC invocations=1589 (full 1508):
 PSYoungGen      total 53760K, used 31231K [0x00000000f5580000, 0x00000000fa100000, 0x0000000100000000)
  eden space 31232K, 99% used [0x00000000f5580000,0x00000000f73ffff0,0x00000000f7400000)
  from space 22528K, 0% used [0x00000000f7400000,0x00000000f7400000,0x00000000f8a00000)
  to   space 22528K, 0% used [0x00000000f8a00000,0x00000000f8a00000,0x00000000fa000000)
 ParOldGen       total 349696K, used 349695K [0x00000000e0000000, 0x00000000f5580000, 0x00000000f5580000)
  object space 349696K, 99% used [0x00000000e0000000,0x00000000f557fff8,0x00000000f5580000)
 Metaspace       used 60559K, committed 61440K, reserved 1105920K
  class space    used 5994K, committed 6400K, reserved 1048576K
}
Event: 2274.405 GC heap before
{Heap before GC invocations=1590 (full 1509):
 PSYoungGen      total 53760K, used 31232K [0x00000000f5580000, 0x00000000fa100000, 0x0000000100000000)
  eden space 31232K, 100% used [0x00000000f5580000,0x00000000f7400000,0x00000000f7400000)
  from space 22528K, 0% used [0x00000000f7400000,0x00000000f7400000,0x00000000f8a00000)
  to   space 22528K, 0% used [0x00000000f8a00000,0x00000000f8a00000,0x00000000fa000000)
 ParOldGen       total 349696K, used 349695K [0x00000000e0000000, 0x00000000f5580000, 0x00000000f5580000)
  object space 349696K, 99% used [0x00000000e0000000,0x00000000f557fff8,0x00000000f5580000)
 Metaspace       used 60559K, committed 61440K, reserved 1105920K
  class space    used 5994K, committed 6400K, reserved 1048576K
}
Event: 2275.882 GC heap after
{Heap after GC invocations=1590 (full 1509):
 PSYoungGen      total 53760K, used 31232K [0x00000000f5580000, 0x00000000fa100000, 0x0000000100000000)
  eden space 31232K, 100% used [0x00000000f5580000,0x00000000f7400000,0x00000000f7400000)
  from space 22528K, 0% used [0x00000000f8a00000,0x00000000f8a00000,0x00000000fa000000)
  to   space 22528K, 0% used [0x00000000f7400000,0x00000000f7400000,0x00000000f8a00000)
 ParOldGen       total 349696K, used 349695K [0x00000000e0000000, 0x00000000f5580000, 0x00000000f5580000)
  object space 349696K, 99% used [0x00000000e0000000,0x00000000f557fff8,0x00000000f5580000)
 Metaspace       used 60559K, committed 61440K, reserved 1105920K
  class space    used 5994K, committed 6400K, reserved 1048576K
}
Event: 2275.882 GC heap before
{Heap before GC invocations=1591 (full 1510):
 PSYoungGen      total 53760K, used 31232K [0x00000000f5580000, 0x00000000fa100000, 0x0000000100000000)
  eden space 31232K, 100% used [0x00000000f5580000,0x00000000f7400000,0x00000000f7400000)
  from space 22528K, 0% used [0x00000000f8a00000,0x00000000f8a00000,0x00000000fa000000)
  to   space 22528K, 0% used [0x00000000f7400000,0x00000000f7400000,0x00000000f8a00000)
 ParOldGen       total 349696K, used 349695K [0x00000000e0000000, 0x00000000f5580000, 0x00000000f5580000)
  object space 349696K, 99% used [0x00000000e0000000,0x00000000f557fff8,0x00000000f5580000)
 Metaspace       used 60559K, committed 61440K, reserved 1105920K
  class space    used 5994K, committed 6400K, reserved 1048576K
}
Event: 2277.281 GC heap after
{Heap after GC invocations=1591 (full 1510):
 PSYoungGen      total 53760K, used 31232K [0x00000000f5580000, 0x00000000fa100000, 0x0000000100000000)
  eden space 31232K, 100% used [0x00000000f5580000,0x00000000f7400000,0x00000000f7400000)
  from space 22528K, 0% used [0x00000000f7400000,0x00000000f7400000,0x00000000f8a00000)
  to   space 22528K, 0% used [0x00000000f8a00000,0x00000000f8a00000,0x00000000fa000000)
 ParOldGen       total 349696K, used 349695K [0x00000000e0000000, 0x00000000f5580000, 0x00000000f5580000)
  object space 349696K, 99% used [0x00000000e0000000,0x00000000f557fff8,0x00000000f5580000)
 Metaspace       used 60559K, committed 61440K, reserved 1105920K
  class space    used 5994K, committed 6400K, reserved 1048576K
}

